### ISSUE TITLE
SIGSEGV when calling  vkCmdBindVertexBuffers2

### ISSUE THREAD

**Issue by atcurtis** [microsoft/wslg#1120]
### Windows build number:

10.0.22621.0

### Your Distribution version:

22.04

### Your WSL versions:

WSL version: 2.0.0.0
Kernel version: 5.15.123.1-1
WSLg version: 1.0.57
MSRDC version: 1.2.4485
Direct3D version: 1.608.2-61064218
DXCore version: 10.0.25880.1000-230602-1350.main
Windows version: 10.0.22621.2283

Then downloaded update and it became

WSL version: 2.0.2.0
Kernel version: 5.15.123.1-1
WSLg version: 1.0.58
MSRDC version: 1.2.4485
Direct3D version: 1.608.2-61064218
DXCore version: 10.0.25880.1000-230602-1350.main
Windows version: 10.0.22621.2283

### Steps to reproduce:

Try to run a program which uses Vulkan 1.2 level apis, such as `vkCmdBindVertexBuffers2`

### WSL logs:

[pulseaudio.log](https://github.com/microsoft/wslg/files/12747015/pulseaudio.log)
[weston.log](https://github.com/microsoft/wslg/files/12747018/weston.log)
[stderr.log](https://github.com/microsoft/wslg/files/12747021/stderr.log)

### Expected behavior:

Expected behaviour is for the code to not jmp to 0x0000000000000000

### Actual behavior:

After the call to `vkCmdBindVertexBuffers2`, somewhere inside of `libvulkan_dzn.so`, execution jumps to 0x0000000000000000.

```
0x000055555595b253      6995                            vkCmdBindVertexBuffers2(commandlist.GetCommandBuffer(), 0, 1, &nullBuffer, &zero, nullptr, nullptr);
(gdb)
0x00007ffff1a5b9c0 in ?? () from /usr/lib/x86_64-linux-gnu/libvulkan_dzn.so
(gdb) set disassemble-next-line on
(gdb) si
0x00007ffff1a5b9c4 in ?? () from /usr/lib/x86_64-linux-gnu/libvulkan_dzn.so
=> 0x00007ffff1a5b9c4:  44 8b 57 48     mov    0x48(%rdi),%r10d
(gdb)
0x00007ffff1a5b9c8 in ?? () from /usr/lib/x86_64-linux-gnu/libvulkan_dzn.so
=> 0x00007ffff1a5b9c8:  48 8b 44 24 08  mov    0x8(%rsp),%rax
(gdb)
0x00007ffff1a5b9cd in ?? () from /usr/lib/x86_64-linux-gnu/libvulkan_dzn.so
=> 0x00007ffff1a5b9cd:  45 85 d2        test   %r10d,%r10d
(gdb)
0x00007ffff1a5b9d0 in ?? () from /usr/lib/x86_64-linux-gnu/libvulkan_dzn.so
=> 0x00007ffff1a5b9d0:  75 1e   jne    0x7ffff1a5b9f0
(gdb)
0x00007ffff1a5b9d2 in ?? () from /usr/lib/x86_64-linux-gnu/libvulkan_dzn.so
=> 0x00007ffff1a5b9d2:  4c 8b 57 10     mov    0x10(%rdi),%r10
(gdb)
0x00007ffff1a5b9d6 in ?? () from /usr/lib/x86_64-linux-gnu/libvulkan_dzn.so
=> 0x00007ffff1a5b9d6:  4d 8b 92 78 11 00 00    mov    0x1178(%r10),%r10
(gdb)
0x00007ffff1a5b9dd in ?? () from /usr/lib/x86_64-linux-gnu/libvulkan_dzn.so
=> 0x00007ffff1a5b9dd:  48 89 44 24 08  mov    %rax,0x8(%rsp)
(gdb)
0x00007ffff1a5b9e2 in ?? () from /usr/lib/x86_64-linux-gnu/libvulkan_dzn.so
=> 0x00007ffff1a5b9e2:  41 ff a2 20 0a 00 00    jmp    *0xa20(%r10)
(gdb) info registers
rax            0x0                 0
rbx            0x7fffff9f1620      140737482004000
rcx            0x7fffff9f15b8      140737482003896
rdx            0x1                 1
rsi            0x0                 0
rdi            0x5555578d68f0      93825029466352
rbp            0x7fffff9f1610      0x7fffff9f1610
rsp            0x7fffff9f1578      0x7fffff9f1578
r8             0x7fffff9f15b0      140737482003888
r9             0x0                 0
r10            0x555556cff9f0      93825017051632
r11            0x736e956503d40b89  8317749822888348553
r12            0x5555578bb2e0      93825029354208
r13            0x0                 0
r14            0x5555578bb320      93825029354272
r15            0x7fffff9f15e0      140737482003936
rip            0x7ffff1a5b9e2      0x7ffff1a5b9e2
eflags         0x200246            [ PF ZF IF ID ]
cs             0x33                51
ss             0x2b                43
ds             0x0                 0
es             0x0                 0
fs             0x0                 0
gs             0x0                 0
(gdb) p *(void**)(0xa20 + 0x555556cff9f0)
$1 = (void *) 0x0

```
